<?xml version="1.0" encoding="UTF-8"?>
<testng-results ignored="0" total="1" passed="1" failed="0" skipped="0">
  <reporter-output>
  </reporter-output>
  <suite started-at="2020-10-30T17:33:00 IST" name="Default suite" finished-at="2020-10-30T17:33:16 IST" duration-ms="15800">
    <groups>
    </groups>
    <test started-at="2020-10-30T17:33:00 IST" name="Default test" finished-at="2020-10-30T17:33:16 IST" duration-ms="15800">
      <class name="com.atmecs.one_to_many_mapping.test.OneToOneMapping">
        <test-method signature="employee_details()[pri:0, instance:com.atmecs.one_to_many_mapping.test.OneToOneMapping@2bbf180e]" started-at="2020-10-30T17:33:00 IST" name="employee_details" finished-at="2020-10-30T17:33:16 IST" duration-ms="15764" status="PASS">
          <reporter-output>
          </reporter-output>
        </test-method> <!-- employee_details -->
      </class> <!-- com.atmecs.one_to_many_mapping.test.OneToOneMapping -->
    </test> <!-- Default test -->
  </suite> <!-- Default suite -->
</testng-results>
