<?xml version="1.0" encoding="UTF-8"?>
<testng-results ignored="0" total="1" passed="1" failed="0" skipped="0">
  <reporter-output>
  </reporter-output>
  <suite started-at="2020-10-30T16:49:46 IST" name="Default suite" finished-at="2020-10-30T16:50:31 IST" duration-ms="45641">
    <groups>
    </groups>
    <test started-at="2020-10-30T16:49:46 IST" name="Default test" finished-at="2020-10-30T16:50:31 IST" duration-ms="45641">
      <class name="com.atmecs.one_to_many.crud_operations.UpdateRecord">
        <test-method signature="updateRecord()[pri:0, instance:com.atmecs.one_to_many.crud_operations.UpdateRecord@23529fee]" started-at="2020-10-30T16:49:46 IST" name="updateRecord" finished-at="2020-10-30T16:50:31 IST" duration-ms="45606" status="PASS">
          <reporter-output>
          </reporter-output>
        </test-method> <!-- updateRecord -->
      </class> <!-- com.atmecs.one_to_many.crud_operations.UpdateRecord -->
    </test> <!-- Default test -->
  </suite> <!-- Default suite -->
</testng-results>
